Arguments: 
  /usr/local/Cellar/node/13.8.0/bin/node /usr/local/bin/yarn add typescript --dev

PATH: 
  /Users/craigcondon/.cargo/bin:/usr/local/bin:/usr/bin:/bin:/usr/sbin:/sbin

Yarn version: 
  1.22.0

Node version: 
  13.8.0

Platform: 
  darwin x64

Trace: 
  Error: ENOENT: no such file or directory, copyfile '/Users/craigcondon/Library/Caches/Yarn/v6/npm-ansi-styles-4.2.1-90ae75c424d008d2624c5bf29ead3177ebfcf359-integrity/node_modules/ansi-styles/index.js' -> '/Users/craigcondon/Developer/public/paperclip/examples/simple-todo-list/node_modules/paperclip-cli/node_modules/ansi-styles/index.js'

npm manifest: 
  {
    "name": "simple-todo-list",
    "private": true,
    "version": "11.0.26",
    "description": "",
    "main": "index.js",
    "scripts": {
      "build": "npm run build:definitions && webpack",
      "build:watch": "npm run build:definitions -- --watch & webpack --watch",
      "build:definitions": "paperclip --compiler=paperclip-react-compiler --definition --write"
    },
    "author": "",
    "license": "MIT",
    "devDependencies": {
      "@types/react": "^16.9.21",
      "@types/react-dom": "^16.9.5",
      "css-loader": "^3.4.2",
      "file-loader": "^5.1.0",
      "html-webpack-plugin": "^3.2.0",
      "paperclip": "^11.0.25",
      "paperclip-cli": "^11.0.25",
      "paperclip-loader": "^11.0.25",
      "paperclip-react-compiler": "^11.0.26",
      "react": "^16.12.0",
      "react-dom": "^16.12.0",
      "style-loader": "^1.1.3",
      "ts-loader": "^6.2.1",
      "webpack": "^4.41.6",
      "webpack-cli": "^3.3.11"
    },
    "dependencies": {
      "@types/lodash": "^4.14.149",
      "lodash": "^4.17.15"
    }
  }

yarn manifest: 
  No manifest

Lockfile: 
  No lockfile
