0 silly argv {
0 silly argv   _: [ 'run' ],
0 silly argv   parallel: true,
0 silly argv   lernaVersion: '3.21.0',
0 silly argv   '$0': '/Users/craigcondon/Developer/public/paperclip/node_modules/.bin/lerna',
0 silly argv   script: 'build:watch'
0 silly argv }
1 notice cli v3.21.0
2 verbose rootPath /Users/craigcondon/Developer/public/paperclip
3 info Executing command in 7 packages: "npm run build:watch"
4 silly npmRunScript.stream [ 'build:watch', [], 'react-todomvc' ]
5 silly getExecOpts /Users/craigcondon/Developer/public/paperclip/examples/react-todomvc undefined
6 silly npmRunScript.stream [ 'build:watch', [], 'paperclip-compiler-react' ]
7 silly getExecOpts /Users/craigcondon/Developer/public/paperclip/packages/paperclip-compiler-react undefined
8 silly npmRunScript.stream [ 'build:watch', [], 'paperclip-loader' ]
9 silly getExecOpts /Users/craigcondon/Developer/public/paperclip/packages/paperclip-loader undefined
10 silly npmRunScript.stream [ 'build:watch', [], 'paperclip-utils' ]
11 silly getExecOpts /Users/craigcondon/Developer/public/paperclip/packages/paperclip-utils undefined
12 silly npmRunScript.stream [ 'build:watch', [], 'paperclip-vscode-extension' ]
13 silly getExecOpts /Users/craigcondon/Developer/public/paperclip/packages/paperclip-vscode-extension undefined
14 silly npmRunScript.stream [ 'build:watch', [], 'paperclip-web-renderer' ]
15 silly getExecOpts /Users/craigcondon/Developer/public/paperclip/packages/paperclip-web-renderer undefined
16 silly npmRunScript.stream [ 'build:watch', [], 'paperclip' ]
17 silly getExecOpts /Users/craigcondon/Developer/public/paperclip/packages/paperclip undefined
18 error Error: Command failed: npm run build:watch
18 error
18 error
18 error > paperclip-vscode-extension@11.1.0 build:watch /Users/craigcondon/Developer/public/paperclip/packages/paperclip-vscode-extension
18 error > npm run build -- --watch
18 error
18 error
18 error > paperclip-vscode-extension@11.1.0 build /Users/craigcondon/Developer/public/paperclip/packages/paperclip-vscode-extension
18 error > tsc "--watch"
18 error
18 error c8:30:37 PM - Starting compilation in watch mode...
18 error
18 error
18 error 8:30:46 PM - Found 0 errors. Watching for file changes.
18 error c8:35:57 PM - File change detected. Starting incremental compilation...
18 error
18 error
18 error 8:35:57 PM - Found 0 errors. Watching for file changes.
18 error c9:30:08 PM - File change detected. Starting incremental compilation...
18 error
18 error
18 error 9:30:08 PM - Found 0 errors. Watching for file changes.
18 error c9:30:32 PM - File change detected. Starting incremental compilation...
18 error
18 error
18 error 9:30:35 PM - Found 0 errors. Watching for file changes.
18 error c9:31:50 PM - File change detected. Starting incremental compilation...
18 error
18 error
18 error 9:31:51 PM - Found 0 errors. Watching for file changes.
18 error c9:31:52 PM - File change detected. Starting incremental compilation...
18 error
18 error
18 error 9:31:52 PM - Found 0 errors. Watching for file changes.
18 error
18 error     at makeError (/Users/craigcondon/Developer/public/paperclip/node_modules/execa/index.js:174:9)
18 error     at /Users/craigcondon/Developer/public/paperclip/node_modules/execa/index.js:278:16
