Arguments: 
  /usr/local/Cellar/node/14.3.0_1/bin/node /usr/local/bin/yarn add percy-paperclip percy --save-dev

PATH: 
  /Users/craigcondon/.cargo/bin:/usr/local/bin:/usr/bin:/bin:/usr/sbin:/sbin:/Library/Apple/usr/bin

Yarn version: 
  1.22.0

Node version: 
  14.3.0

Platform: 
  darwin x64

Trace: 
  Error: ENOENT: no such file or directory, lstat '/Users/craigcondon/Developer/public/paperclip/examples/react-todomvc/node_modules/paperclip-cli/node_modules/yargs/lib'

npm manifest: 
  {
    "name": "react-todomvc",
    "private": true,
    "version": "12.0.24",
    "description": "",
    "main": "index.js",
    "scripts": {
      "build": "npm run build:definitions && webpack",
      "build:dist": "webpack",
      "snapshot": "percy -- percy-paperclip",
      "build:watch": "npm run build:definitions -- --watch & webpack --watch",
      "build:definitions": "paperclip build --compiler=paperclip-compiler-react --definition --write"
    },
    "author": "",
    "license": "MIT",
    "devDependencies": {
      "@types/react": "^16.9.21",
      "@types/react-dom": "^16.9.5",
      "css-loader": "^3.4.2",
      "file-loader": "^5.1.0",
      "html-webpack-plugin": "^3.2.0",
      "paperclip": "^12.0.24",
      "paperclip-cli": "^12.0.24",
      "paperclip-compiler-react": "^12.0.24",
      "paperclip-loader": "^12.0.24",
      "react": "^16.12.0",
      "react-dom": "^16.12.0",
      "style-loader": "^1.1.3",
      "ts-loader": "^6.2.1",
      "webpack": "^4.41.6",
      "webpack-cli": "^3.3.11"
    },
    "dependencies": {
      "@types/lodash": "^4.14.149",
      "lodash": "^4.17.15",
      "typescript": "^3.8.3"
    }
  }

yarn manifest: 
  No manifest

Lockfile: 
  No lockfile
